**LOG BEGUN     2023-07-11 13:05:06,413
loading D:MTOXstoreWorkspacexstore-workspacemto_poscust_configlog4j2.xml
 INFO  [      ] 2023-07-11 13:05:06,406 Loading Properties - jar:file:/D:/eclipselib/hardware-service.jar!/dtv/res/config/HwsDevices.properties :: dtv.util.ResourceUtils [main]
 INFO  [      ] 2023-07-11 13:05:06,470 Loading JPOS - jar:file:/D:/eclipselib/hardware-service.jar!/dtv/res/config/jpos.xml :: dtv.hardware.service.DtvXmlRegPopulator [main]
 INFO  [      ] 2023-07-11 13:05:06,606 Loading JPOS - jar:file:/D:/MTO/Xstore/Workspace/xstore-workspace/release/xstore/xstore/lib/xst-config.jar!/version1/jpos.xml :: dtv.hardware.service.DtvXmlRegPopulator [main]
 INFO  [      ] 2023-07-11 13:05:06,638 loading jar:file:/D:/MTO/Xstore/Workspace/xstore-workspace/release/xstore/xstore/lib/config.jar!/xstorepos/HardwareConfig.xml :: dtv.util.config.ConfigHelper [main]
 INFO  [      ] 2023-07-11 13:05:06,701 Loading Properties - jar:file:/D:/MTO/Xstore/Workspace/xstore-workspace/release/xstore/xstore/lib/config-shared.jar!/dtv/res/config/ConfigType.properties :: dtv.util.ResourceUtils [main]
 INFO  [      ] 2023-07-11 13:05:06,702 Loading Properties - jar:file:/D:/MTO/Xstore/Workspace/xstore-workspace/release/xstore/xstore/lib/config.jar!/xstorepos/ConfigType.properties :: dtv.util.ResourceUtils [main]
 ERROR [      ] 2023-07-11 13:05:06,715 Catching :: dtv.hardware.config.DeviceConfig [main]
java.lang.IllegalStateException: No injection processor has been specified. You must specify an injection processor to use using setAtInjectProcessor() before any objects can be processed.
	at dtv.util.temp.InjectionHammer.forceAtInjectProcessing(InjectionHammer.java:35) ~[dtv-util.jar:22.0.0.0.20230127185818]
	at dtv.hardware.config.DeviceConfig.init(DeviceConfig.java:342) ~[dtv-hardware.jar:22.0.0.0.20230127185818]
	at dtv.hardware.config.DeviceConfig.<init>(DeviceConfig.java:82) ~[dtv-hardware.jar:22.0.0.0.20230127185818]
	at dtv.hardware.config.HardwareConfigMgr.getConfigObject(HardwareConfigMgr.java:154) ~[dtv-hardware.jar:22.0.0.0.20230127185818]
	at dtv.util.config.ConfigHelper.getConfigObject(ConfigHelper.java:177) ~[dtv-util.jar:22.0.0.0.20230127185818]
	at dtv.util.config.ConfigHelper$1.getConfigObject(ConfigHelper.java:437) ~[dtv-util.jar:22.0.0.0.20230127185818]
	at dtv.util.config.SaxConfigLoader.startElement(SaxConfigLoader.java:210) ~[dtv-util.jar:22.0.0.0.20230127185818]
	at com.sun.org.apache.xerces.internal.parsers.AbstractSAXParser.startElement(AbstractSAXParser.java:510) ~[?:?]
	at com.sun.org.apache.xerces.internal.impl.XMLDocumentFragmentScannerImpl.scanStartElement(XMLDocumentFragmentScannerImpl.java:1397) ~[?:?]
	at com.sun.org.apache.xerces.internal.impl.XMLDocumentFragmentScannerImpl$FragmentContentDriver.next(XMLDocumentFragmentScannerImpl.java:2710) ~[?:?]
	at com.sun.org.apache.xerces.internal.impl.XMLDocumentScannerImpl.next(XMLDocumentScannerImpl.java:605) ~[?:?]
	at com.sun.org.apache.xerces.internal.impl.XMLDocumentFragmentScannerImpl.scanDocument(XMLDocumentFragmentScannerImpl.java:534) ~[?:?]
	at com.sun.org.apache.xerces.internal.parsers.XML11Configuration.parse(XML11Configuration.java:888) ~[?:?]
	at com.sun.org.apache.xerces.internal.parsers.XML11Configuration.parse(XML11Configuration.java:824) ~[?:?]
	at com.sun.org.apache.xerces.internal.parsers.XMLParser.parse(XMLParser.java:141) ~[?:?]
	at com.sun.org.apache.xerces.internal.parsers.AbstractSAXParser.parse(AbstractSAXParser.java:1216) ~[?:?]
	at com.sun.org.apache.xerces.internal.jaxp.SAXParserImpl$JAXPSAXParser.parse(SAXParserImpl.java:635) ~[?:?]
	at com.sun.org.apache.xerces.internal.jaxp.SAXParserImpl.parse(SAXParserImpl.java:324) ~[?:?]
	at javax.xml.parsers.SAXParser.parse(SAXParser.java:197) ~[?:?]
	at dtv.util.config.SaxConfigLoader.loadDocument(SaxConfigLoader.java:127) ~[dtv-util.jar:22.0.0.0.20230127185818]
	at dtv.util.config.ConfigHelper.loadDocument(ConfigHelper.java:430) ~[dtv-util.jar:22.0.0.0.20230127185818]
	at dtv.util.config.ConfigHelper.initializeImpl(ConfigHelper.java:376) ~[dtv-util.jar:22.0.0.0.20230127185818]
	at dtv.util.config.ConfigHelper.initialize(ConfigHelper.java:113) ~[dtv-util.jar:22.0.0.0.20230127185818]
	at dtv.util.config.ConfigHelper.initializeImpl(ConfigHelper.java:345) ~[dtv-util.jar:22.0.0.0.20230127185818]
	at dtv.util.config.ConfigHelper.initialize(ConfigHelper.java:97) ~[dtv-util.jar:22.0.0.0.20230127185818]
	at dtv.hardware.config.HardwareConfigMgr.<init>(HardwareConfigMgr.java:62) ~[dtv-hardware.jar:22.0.0.0.20230127185818]
	at dtv.hardware.config.HardwareConfigMgr.getInstance(HardwareConfigMgr.java:55) ~[dtv-hardware.jar:22.0.0.0.20230127185818]
	at dtv.hardware.service.DtvEntryRegistry.lookUpOverrides(DtvEntryRegistry.java:374) ~[dtv-hardware.jar:22.0.0.0.20230127185818]
	at dtv.hardware.service.DtvEntryRegistry.load(DtvEntryRegistry.java:156) ~[dtv-hardware.jar:22.0.0.0.20230127185818]
	at jpos.loader.JposServiceLoader.<clinit>(JposServiceLoader.java:127) ~[javapos-1.14.3.jar:1.14.3]
	at oracle.retail.xstore.hardware.service.registry.JposDeviceRegistry.<init>(JposDeviceRegistry.java:35) ~[hardware-service.jar:22.0.0.0.20230127185818]
	at oracle.retail.xstore.hardware.service.registry.DeviceRegistry.<init>(DeviceRegistry.java:30) ~[hardware-service.jar:22.0.0.0.20230127185818]
	at oracle.retail.xstore.hardware.service.HardwareServiceController.<init>(HardwareServiceController.java:70) ~[hardware-service.jar:22.0.0.0.20230127185818]
	at oracle.retail.xstore.hardware.service.HardwareServiceController.init(HardwareServiceController.java:57) ~[hardware-service.jar:22.0.0.0.20230127185818]
	at oracle.retail.xstore.hardware.service.HardwareServiceClient.go(HardwareServiceClient.java:95) ~[hardware-service.jar:22.0.0.0.20230127185818]
	at oracle.retail.xstore.hardware.service.HardwareServiceClient.main(HardwareServiceClient.java:48) ~[hardware-service.jar:22.0.0.0.20230127185818]
 ERROR [      ] 2023-07-11 13:05:06,734 Catching :: dtv.hardware.config.DeviceConfig [main]
java.lang.IllegalStateException: No injection processor has been specified. You must specify an injection processor to use using setAtInjectProcessor() before any objects can be processed.
	at dtv.util.temp.InjectionHammer.forceAtInjectProcessing(InjectionHammer.java:35) ~[dtv-util.jar:22.0.0.0.20230127185818]
	at dtv.hardware.config.DeviceConfig.init(DeviceConfig.java:342) ~[dtv-hardware.jar:22.0.0.0.20230127185818]
	at dtv.hardware.config.DeviceConfig.<init>(DeviceConfig.java:82) ~[dtv-hardware.jar:22.0.0.0.20230127185818]
	at dtv.hardware.config.HardwareConfigMgr.getConfigObject(HardwareConfigMgr.java:154) ~[dtv-hardware.jar:22.0.0.0.20230127185818]
	at dtv.util.config.ConfigHelper.getConfigObject(ConfigHelper.java:177) ~[dtv-util.jar:22.0.0.0.20230127185818]
	at dtv.util.config.ConfigHelper$1.getConfigObject(ConfigHelper.java:437) ~[dtv-util.jar:22.0.0.0.20230127185818]
	at dtv.util.config.SaxConfigLoader.startElement(SaxConfigLoader.java:210) ~[dtv-util.jar:22.0.0.0.20230127185818]
	at com.sun.org.apache.xerces.internal.parsers.AbstractSAXParser.startElement(AbstractSAXParser.java:510) ~[?:?]
	at com.sun.org.apache.xerces.internal.impl.XMLDocumentFragmentScannerImpl.scanStartElement(XMLDocumentFragmentScannerImpl.java:1397) ~[?:?]
	at com.sun.org.apache.xerces.internal.impl.XMLDocumentFragmentScannerImpl$FragmentContentDriver.next(XMLDocumentFragmentScannerImpl.java:2710) ~[?:?]
	at com.sun.org.apache.xerces.internal.impl.XMLDocumentScannerImpl.next(XMLDocumentScannerImpl.java:605) ~[?:?]
	at com.sun.org.apache.xerces.internal.impl.XMLDocumentFragmentScannerImpl.scanDocument(XMLDocumentFragmentScannerImpl.java:534) ~[?:?]
	at com.sun.org.apache.xerces.internal.parsers.XML11Configuration.parse(XML11Configuration.java:888) ~[?:?]
	at com.sun.org.apache.xerces.internal.parsers.XML11Configuration.parse(XML11Configuration.java:824) ~[?:?]
	at com.sun.org.apache.xerces.internal.parsers.XMLParser.parse(XMLParser.java:141) ~[?:?]
	at com.sun.org.apache.xerces.internal.parsers.AbstractSAXParser.parse(AbstractSAXParser.java:1216) ~[?:?]
	at com.sun.org.apache.xerces.internal.jaxp.SAXParserImpl$JAXPSAXParser.parse(SAXParserImpl.java:635) ~[?:?]
	at com.sun.org.apache.xerces.internal.jaxp.SAXParserImpl.parse(SAXParserImpl.java:324) ~[?:?]
	at javax.xml.parsers.SAXParser.parse(SAXParser.java:197) ~[?:?]
	at dtv.util.config.SaxConfigLoader.loadDocument(SaxConfigLoader.java:127) ~[dtv-util.jar:22.0.0.0.20230127185818]
	at dtv.util.config.ConfigHelper.loadDocument(ConfigHelper.java:430) ~[dtv-util.jar:22.0.0.0.20230127185818]
	at dtv.util.config.ConfigHelper.initializeImpl(ConfigHelper.java:376) ~[dtv-util.jar:22.0.0.0.20230127185818]
	at dtv.util.config.ConfigHelper.initialize(ConfigHelper.java:113) ~[dtv-util.jar:22.0.0.0.20230127185818]
	at dtv.util.config.ConfigHelper.initializeImpl(ConfigHelper.java:345) ~[dtv-util.jar:22.0.0.0.20230127185818]
	at dtv.util.config.ConfigHelper.initialize(ConfigHelper.java:97) ~[dtv-util.jar:22.0.0.0.20230127185818]
	at dtv.hardware.config.HardwareConfigMgr.<init>(HardwareConfigMgr.java:62) ~[dtv-hardware.jar:22.0.0.0.20230127185818]
	at dtv.hardware.config.HardwareConfigMgr.getInstance(HardwareConfigMgr.java:55) ~[dtv-hardware.jar:22.0.0.0.20230127185818]
	at dtv.hardware.service.DtvEntryRegistry.lookUpOverrides(DtvEntryRegistry.java:374) ~[dtv-hardware.jar:22.0.0.0.20230127185818]
	at dtv.hardware.service.DtvEntryRegistry.load(DtvEntryRegistry.java:156) ~[dtv-hardware.jar:22.0.0.0.20230127185818]
	at jpos.loader.JposServiceLoader.<clinit>(JposServiceLoader.java:127) ~[javapos-1.14.3.jar:1.14.3]
	at oracle.retail.xstore.hardware.service.registry.JposDeviceRegistry.<init>(JposDeviceRegistry.java:35) ~[hardware-service.jar:22.0.0.0.20230127185818]
	at oracle.retail.xstore.hardware.service.registry.DeviceRegistry.<init>(DeviceRegistry.java:30) ~[hardware-service.jar:22.0.0.0.20230127185818]
	at oracle.retail.xstore.hardware.service.HardwareServiceController.<init>(HardwareServiceController.java:70) ~[hardware-service.jar:22.0.0.0.20230127185818]
	at oracle.retail.xstore.hardware.service.HardwareServiceController.init(HardwareServiceController.java:57) ~[hardware-service.jar:22.0.0.0.20230127185818]
	at oracle.retail.xstore.hardware.service.HardwareServiceClient.go(HardwareServiceClient.java:95) ~[hardware-service.jar:22.0.0.0.20230127185818]
	at oracle.retail.xstore.hardware.service.HardwareServiceClient.main(HardwareServiceClient.java:48) ~[hardware-service.jar:22.0.0.0.20230127185818]
 INFO  [      ] 2023-07-11 13:05:06,778 Loading Properties - jar:file:/D:/eclipselib/hardware-service.jar!/dtv/res/config/HwsFamilyTypes.properties :: dtv.util.ResourceUtils [main]
